[2022-12-24 16:43:31Z INFO HostContext] No proxy settings were found based on environmental variables (http_proxy/https_proxy/HTTP_PROXY/HTTPS_PROXY)
[2022-12-24 16:43:31Z INFO HostContext] Well known directory 'Bin': '/Users/isaiahwestphalen/Desktop/res_ev/actions-runner/bin'
[2022-12-24 16:43:31Z INFO HostContext] Well known directory 'Root': '/Users/isaiahwestphalen/Desktop/res_ev/actions-runner'
[2022-12-24 16:43:31Z INFO HostContext] Well known config file 'Credentials': '/Users/isaiahwestphalen/Desktop/res_ev/actions-runner/.credentials'
[2022-12-24 16:43:31Z INFO HostContext] Well known directory 'Bin': '/Users/isaiahwestphalen/Desktop/res_ev/actions-runner/bin'
[2022-12-24 16:43:31Z INFO HostContext] Well known directory 'Root': '/Users/isaiahwestphalen/Desktop/res_ev/actions-runner'
[2022-12-24 16:43:31Z INFO HostContext] Well known config file 'Runner': '/Users/isaiahwestphalen/Desktop/res_ev/actions-runner/.runner'
[2022-12-24 16:43:31Z INFO Listener] Runner is built for OSX (X64) - osx-x64.
[2022-12-24 16:43:31Z INFO Listener] RuntimeInformation: Darwin 18.7.0 Darwin Kernel Version 18.7.0: Tue Aug 20 16:57:14 PDT 2019; root:xnu-4903.271.2~2/RELEASE_X86_64.
[2022-12-24 16:43:31Z INFO Listener] Version: 2.299.1
[2022-12-24 16:43:31Z INFO Listener] Commit: 2e44f985bd9bf890dc061e654f6a850c6f1249cf
[2022-12-24 16:43:31Z INFO Listener] Culture: en-US
[2022-12-24 16:43:31Z INFO Listener] UI Culture: en-US
[2022-12-24 16:43:31Z INFO HostContext] Well known directory 'Bin': '/Users/isaiahwestphalen/Desktop/res_ev/actions-runner/bin'
[2022-12-24 16:43:31Z INFO HostContext] Well known directory 'Root': '/Users/isaiahwestphalen/Desktop/res_ev/actions-runner'
[2022-12-24 16:43:31Z INFO Listener] Validating directory permissions for: '/Users/isaiahwestphalen/Desktop/res_ev/actions-runner'
[2022-12-24 16:43:31Z INFO CommandLineParser] Parse
[2022-12-24 16:43:31Z INFO CommandLineParser] Parsing 5 args
[2022-12-24 16:43:31Z INFO CommandLineParser] parsing argument
[2022-12-24 16:43:31Z INFO CommandLineParser] HasArgs: False
[2022-12-24 16:43:31Z INFO CommandLineParser] Adding Command: configure
[2022-12-24 16:43:31Z INFO CommandLineParser] parsing argument
[2022-12-24 16:43:31Z INFO CommandLineParser] HasArgs: True
[2022-12-24 16:43:31Z INFO CommandLineParser] arg: url
[2022-12-24 16:43:31Z INFO CommandLineParser] parsing argument
[2022-12-24 16:43:31Z INFO CommandLineParser] HasArgs: True
[2022-12-24 16:43:31Z INFO CommandLineParser] Adding option 'url': 'https://github.com/isaiahdwest/res_ev'
[2022-12-24 16:43:31Z INFO CommandLineParser] parsing argument
[2022-12-24 16:43:31Z INFO CommandLineParser] HasArgs: True
[2022-12-24 16:43:31Z INFO CommandLineParser] arg: token
[2022-12-24 16:43:31Z INFO CommandLineParser] parsing argument
[2022-12-24 16:43:31Z INFO CommandLineParser] HasArgs: True
[2022-12-24 16:43:31Z INFO CommandLineParser] Adding option 'token': '***'
[2022-12-24 16:43:31Z INFO Listener] Arguments parsed
[2022-12-24 16:43:31Z INFO Runner] ExecuteCommand
[2022-12-24 16:43:31Z INFO ConfigurationStore] currentAssemblyLocation: /Users/isaiahwestphalen/Desktop/res_ev/actions-runner/bin/Runner.Listener.dll
[2022-12-24 16:43:31Z INFO HostContext] Well known directory 'Bin': '/Users/isaiahwestphalen/Desktop/res_ev/actions-runner/bin'
[2022-12-24 16:43:31Z INFO ConfigurationStore] binPath: /Users/isaiahwestphalen/Desktop/res_ev/actions-runner/bin
[2022-12-24 16:43:31Z INFO HostContext] Well known directory 'Bin': '/Users/isaiahwestphalen/Desktop/res_ev/actions-runner/bin'
[2022-12-24 16:43:31Z INFO HostContext] Well known directory 'Root': '/Users/isaiahwestphalen/Desktop/res_ev/actions-runner'
[2022-12-24 16:43:31Z INFO ConfigurationStore] RootFolder: /Users/isaiahwestphalen/Desktop/res_ev/actions-runner
[2022-12-24 16:43:31Z INFO HostContext] Well known directory 'Bin': '/Users/isaiahwestphalen/Desktop/res_ev/actions-runner/bin'
[2022-12-24 16:43:31Z INFO HostContext] Well known directory 'Root': '/Users/isaiahwestphalen/Desktop/res_ev/actions-runner'
[2022-12-24 16:43:31Z INFO HostContext] Well known config file 'Runner': '/Users/isaiahwestphalen/Desktop/res_ev/actions-runner/.runner'
[2022-12-24 16:43:31Z INFO ConfigurationStore] ConfigFilePath: /Users/isaiahwestphalen/Desktop/res_ev/actions-runner/.runner
[2022-12-24 16:43:31Z INFO HostContext] Well known directory 'Bin': '/Users/isaiahwestphalen/Desktop/res_ev/actions-runner/bin'
[2022-12-24 16:43:31Z INFO HostContext] Well known directory 'Root': '/Users/isaiahwestphalen/Desktop/res_ev/actions-runner'
[2022-12-24 16:43:31Z INFO HostContext] Well known config file 'Credentials': '/Users/isaiahwestphalen/Desktop/res_ev/actions-runner/.credentials'
[2022-12-24 16:43:31Z INFO ConfigurationStore] CredFilePath: /Users/isaiahwestphalen/Desktop/res_ev/actions-runner/.credentials
[2022-12-24 16:43:31Z INFO HostContext] Well known directory 'Bin': '/Users/isaiahwestphalen/Desktop/res_ev/actions-runner/bin'
[2022-12-24 16:43:31Z INFO HostContext] Well known directory 'Root': '/Users/isaiahwestphalen/Desktop/res_ev/actions-runner'
[2022-12-24 16:43:31Z INFO HostContext] Well known config file 'MigratedCredentials': '/Users/isaiahwestphalen/Desktop/res_ev/actions-runner/.credentials_migrated'
[2022-12-24 16:43:31Z INFO ConfigurationStore] MigratedCredFilePath: /Users/isaiahwestphalen/Desktop/res_ev/actions-runner/.credentials_migrated
[2022-12-24 16:43:31Z INFO HostContext] Well known directory 'Bin': '/Users/isaiahwestphalen/Desktop/res_ev/actions-runner/bin'
[2022-12-24 16:43:31Z INFO HostContext] Well known directory 'Root': '/Users/isaiahwestphalen/Desktop/res_ev/actions-runner'
[2022-12-24 16:43:31Z INFO HostContext] Well known config file 'Service': '/Users/isaiahwestphalen/Desktop/res_ev/actions-runner/.service'
[2022-12-24 16:43:31Z INFO ConfigurationStore] ServiceConfigFilePath: /Users/isaiahwestphalen/Desktop/res_ev/actions-runner/.service
[2022-12-24 16:43:31Z INFO CommandSettings] Flag 'help': 'False'
[2022-12-24 16:43:31Z INFO CommandSettings] Flag 'version': 'False'
[2022-12-24 16:43:31Z INFO CommandSettings] Flag 'commit': 'False'
[2022-12-24 16:43:31Z INFO CommandSettings] Flag 'check': 'False'
[2022-12-24 16:43:31Z INFO CommandSettings] Command 'configure': 'True'
[2022-12-24 16:43:31Z INFO Terminal] WRITE LINE: 
[2022-12-24 16:43:31Z INFO Terminal] WRITE LINE: --------------------------------------------------------------------------------
[2022-12-24 16:43:31Z INFO Terminal] WRITE LINE: |        ____ _ _   _   _       _          _        _   _                      |
[2022-12-24 16:43:31Z INFO Terminal] WRITE LINE: |       / ___(_) |_| | | |_   _| |__      / \   ___| |_(_) ___  _ __  ___      |
[2022-12-24 16:43:31Z INFO Terminal] WRITE LINE: |      | |  _| | __| |_| | | | | '_ \    / _ \ / __| __| |/ _ \| '_ \/ __|     |
[2022-12-24 16:43:31Z INFO Terminal] WRITE LINE: |      | |_| | | |_|  _  | |_| | |_) |  / ___ \ (__| |_| | (_) | | | \__ \     |
[2022-12-24 16:43:31Z INFO Terminal] WRITE LINE: |       \____|_|\__|_| |_|\__,_|_.__/  /_/   \_\___|\__|_|\___/|_| |_|___/     |
[2022-12-24 16:43:31Z INFO Terminal] WRITE LINE: |                                                                              |
[2022-12-24 16:43:31Z INFO Terminal] WRITE: |                       
[2022-12-24 16:43:31Z INFO Terminal] WRITE: Self-hosted runner registration
[2022-12-24 16:43:31Z INFO Terminal] WRITE LINE:                         |
[2022-12-24 16:43:31Z INFO Terminal] WRITE LINE: |                                                                              |
[2022-12-24 16:43:31Z INFO Terminal] WRITE LINE: --------------------------------------------------------------------------------
[2022-12-24 16:43:31Z INFO ConfigurationManager] ConfigureAsync
[2022-12-24 16:43:31Z INFO CommandSettings] Flag 'generateServiceConfig': 'False'
[2022-12-24 16:43:31Z INFO ConfigurationStore] IsConfigured()
[2022-12-24 16:43:31Z INFO ConfigurationStore] IsConfigured: False
[2022-12-24 16:43:31Z INFO ConfigurationManager] Is configured: False
[2022-12-24 16:43:31Z INFO CommandSettings] Arg 'url': 'https://github.com/isaiahdwest/res_ev'
[2022-12-24 16:43:31Z INFO CommandSettings] Remove url from Arg dictionary.
[2022-12-24 16:43:31Z INFO CommandSettings] Arg 'token': '***'
[2022-12-24 16:43:31Z INFO CommandSettings] Remove token from Arg dictionary.
[2022-12-24 16:43:36Z INFO ConfigurationManager] Http response code: OK from 'POST https://api.github.com/actions/runner-registration'
[2022-12-24 16:43:37Z INFO ConfigurationManager] cred retrieved via GitHub auth
[2022-12-24 16:43:37Z INFO RunnerServer] EstablishVssConnection
[2022-12-24 16:43:37Z INFO RunnerServer] Establish connection with 100 seconds timeout.
[2022-12-24 16:43:37Z INFO GitHubActionsService] Starting operation Location.GetConnectionData
[2022-12-24 16:43:37Z INFO RunnerServer] EstablishVssConnection
[2022-12-24 16:43:37Z INFO RunnerServer] Establish connection with 60 seconds timeout.
[2022-12-24 16:43:37Z INFO GitHubActionsService] Starting operation Location.GetConnectionData
[2022-12-24 16:43:37Z INFO RunnerServer] EstablishVssConnection
[2022-12-24 16:43:37Z INFO RunnerServer] Establish connection with 60 seconds timeout.
[2022-12-24 16:43:37Z INFO GitHubActionsService] Starting operation Location.GetConnectionData
[2022-12-24 16:43:39Z INFO GitHubActionsService] Finished operation Location.GetConnectionData
[2022-12-24 16:43:39Z INFO GitHubActionsService] Finished operation Location.GetConnectionData
[2022-12-24 16:43:39Z INFO GitHubActionsService] Finished operation Location.GetConnectionData
[2022-12-24 16:43:39Z INFO Terminal] WRITE LINE: 
[2022-12-24 16:43:39Z INFO ConfigurationManager] Test Connection complete.
[2022-12-24 16:43:39Z INFO HostContext] Well known directory 'Bin': '/Users/isaiahwestphalen/Desktop/res_ev/actions-runner/bin'
[2022-12-24 16:43:39Z INFO HostContext] Well known directory 'Root': '/Users/isaiahwestphalen/Desktop/res_ev/actions-runner'
[2022-12-24 16:43:39Z INFO HostContext] Well known config file 'RSACredentials': '/Users/isaiahwestphalen/Desktop/res_ev/actions-runner/.credentials_rsaparams'
[2022-12-24 16:43:39Z INFO RSAFileKeyManager] Creating new RSA key using 2048-bit key length
[2022-12-24 16:43:40Z INFO RSAFileKeyManager] Successfully saved RSA key parameters to file /Users/isaiahwestphalen/Desktop/res_ev/actions-runner/.credentials_rsaparams
[2022-12-24 16:43:40Z INFO RSAFileKeyManager] Which: 'chmod'
[2022-12-24 16:43:40Z INFO RSAFileKeyManager] Location: '/bin/chmod'
[2022-12-24 16:43:40Z INFO HostContext] Well known directory 'Bin': '/Users/isaiahwestphalen/Desktop/res_ev/actions-runner/bin'
[2022-12-24 16:43:40Z INFO HostContext] Well known directory 'Root': '/Users/isaiahwestphalen/Desktop/res_ev/actions-runner'
[2022-12-24 16:43:40Z INFO ProcessInvokerWrapper] Starting process:
[2022-12-24 16:43:40Z INFO ProcessInvokerWrapper]   File name: '/bin/chmod'
[2022-12-24 16:43:40Z INFO ProcessInvokerWrapper]   Arguments: '600 /Users/isaiahwestphalen/Desktop/res_ev/actions-runner/.credentials_rsaparams'
[2022-12-24 16:43:40Z INFO ProcessInvokerWrapper]   Working directory: '/Users/isaiahwestphalen/Desktop/res_ev/actions-runner'
[2022-12-24 16:43:40Z INFO ProcessInvokerWrapper]   Require exit code zero: 'False'
[2022-12-24 16:43:40Z INFO ProcessInvokerWrapper]   Encoding web name:  ; code page: ''
[2022-12-24 16:43:40Z INFO ProcessInvokerWrapper]   Force kill process on cancellation: 'False'
[2022-12-24 16:43:40Z INFO ProcessInvokerWrapper]   Redirected STDIN: 'False'
[2022-12-24 16:43:40Z INFO ProcessInvokerWrapper]   Persist current code page: 'False'
[2022-12-24 16:43:40Z INFO ProcessInvokerWrapper]   Keep redirected STDIN open: 'False'
[2022-12-24 16:43:40Z INFO ProcessInvokerWrapper]   High priority process: 'False'
[2022-12-24 16:43:40Z INFO ProcessInvokerWrapper] Process started with process id 5728, waiting for process exit.
[2022-12-24 16:43:40Z INFO ProcessInvokerWrapper] STDOUT/STDERR stream read finished.
[2022-12-24 16:43:40Z INFO ProcessInvokerWrapper] STDOUT/STDERR stream read finished.
[2022-12-24 16:43:40Z INFO ProcessInvokerWrapper] Finished process 5728 with exit code 0, and elapsed time 00:00:00.0495476.
[2022-12-24 16:43:40Z INFO RSAFileKeyManager] Successfully set permissions for RSA key parameters file /Users/isaiahwestphalen/Desktop/res_ev/actions-runner/.credentials_rsaparams
[2022-12-24 16:43:41Z INFO CommandSettings] Arg 'runnergroup': ''
[2022-12-24 16:43:41Z INFO CommandSettings] Flag 'unattended': 'False'
[2022-12-24 16:43:41Z INFO PromptManager] ReadValue
[2022-12-24 16:43:41Z INFO Terminal] WRITE: Enter the name of the runner group to add this runner to: 
[2022-12-24 16:43:41Z INFO Terminal] WRITE: [press Enter for Default] 
[2022-12-24 16:43:41Z INFO Terminal] READ LINE
[2022-12-24 16:44:35Z INFO Terminal] Read value: ''
[2022-12-24 16:44:35Z INFO PromptManager] Falling back to the default: 'Default'
[2022-12-24 16:44:35Z INFO Terminal] WRITE LINE: 
[2022-12-24 16:44:35Z INFO ConfigurationManager] Found a self-hosted runner group with id 1 and name Default
[2022-12-24 16:44:35Z INFO CommandSettings] Flag 'disableupdate': 'False'
[2022-12-24 16:44:35Z INFO CommandSettings] Flag 'ephemeral': 'False'
[2022-12-24 16:44:35Z INFO CommandSettings] Arg 'name': ''
[2022-12-24 16:44:35Z INFO CommandSettings] Flag 'unattended': 'False'
[2022-12-24 16:44:35Z INFO PromptManager] ReadValue
[2022-12-24 16:44:35Z INFO Terminal] WRITE: Enter the name of runner: 
[2022-12-24 16:44:35Z INFO Terminal] WRITE: [press Enter for Isaiahs-MacBook-Air] 
[2022-12-24 16:44:35Z INFO Terminal] READ LINE
[2022-12-24 16:44:50Z INFO Terminal] Read value: 'resev-self-hosted'
[2022-12-24 16:44:50Z INFO Terminal] WRITE LINE: 
[2022-12-24 16:44:50Z INFO CommandSettings] Arg 'labels': ''
[2022-12-24 16:44:50Z INFO CommandSettings] Flag 'unattended': 'False'
[2022-12-24 16:44:50Z INFO PromptManager] ReadValue
[2022-12-24 16:44:50Z INFO Terminal] WRITE: This runner will have the following labels: 'self-hosted', 'macOS', 'X64' 
Enter any additional labels (ex. label-1,label-2): 
[2022-12-24 16:44:50Z INFO Terminal] WRITE: [press Enter to skip] 
[2022-12-24 16:44:50Z INFO Terminal] READ LINE
[2022-12-24 16:45:03Z INFO Terminal] Read value: ''
[2022-12-24 16:45:03Z INFO Terminal] WRITE LINE: 
[2022-12-24 16:45:04Z INFO CommandSettings] Flag 'disableupdate': 'False'
[2022-12-24 16:45:04Z INFO CommandSettings] Flag 'disableupdate': 'False'
[2022-12-24 16:45:04Z INFO CommandSettings] Flag 'ephemeral': 'False'
[2022-12-24 16:45:04Z INFO ConfigurationStore] Saving OAuth credential @ /Users/isaiahwestphalen/Desktop/res_ev/actions-runner/.credentials
[2022-12-24 16:45:04Z INFO ConfigurationStore] Credentials Saved.
[2022-12-24 16:45:04Z INFO ConfigurationStore] HasCredentials()
[2022-12-24 16:45:04Z INFO ConfigurationStore] stored True
[2022-12-24 16:45:04Z INFO CredentialManager] GetCredentialProvider
[2022-12-24 16:45:04Z INFO CredentialManager] Creating type OAuth
[2022-12-24 16:45:04Z INFO CredentialManager] Creating credential type: OAuth
[2022-12-24 16:45:04Z INFO RSAFileKeyManager] Loading RSA key parameters from file /Users/isaiahwestphalen/Desktop/res_ev/actions-runner/.credentials_rsaparams
[2022-12-24 16:45:04Z INFO RunnerServer] EstablishVssConnection
[2022-12-24 16:45:04Z INFO RunnerServer] Establish connection with 100 seconds timeout.
[2022-12-24 16:45:04Z INFO GitHubActionsService] Starting operation Location.GetConnectionData
[2022-12-24 16:45:04Z INFO RunnerServer] EstablishVssConnection
[2022-12-24 16:45:04Z INFO RunnerServer] Establish connection with 60 seconds timeout.
[2022-12-24 16:45:04Z INFO GitHubActionsService] Starting operation Location.GetConnectionData
[2022-12-24 16:45:04Z INFO RunnerServer] EstablishVssConnection
[2022-12-24 16:45:04Z INFO RunnerServer] Establish connection with 60 seconds timeout.
[2022-12-24 16:45:04Z INFO GitHubActionsService] Starting operation Location.GetConnectionData
[2022-12-24 16:45:04Z INFO GitHubActionsService] Finished operation Location.GetConnectionData
[2022-12-24 16:45:04Z INFO GitHubActionsService] Finished operation Location.GetConnectionData
[2022-12-24 16:45:04Z INFO GitHubActionsService] Finished operation Location.GetConnectionData
[2022-12-24 16:45:04Z INFO RSAFileKeyManager] Loading RSA key parameters from file /Users/isaiahwestphalen/Desktop/res_ev/actions-runner/.credentials_rsaparams
[2022-12-24 16:45:04Z INFO RSAFileKeyManager] Loading RSA key parameters from file /Users/isaiahwestphalen/Desktop/res_ev/actions-runner/.credentials_rsaparams
[2022-12-24 16:45:05Z INFO GitHubActionsService] AAD Correlation ID for this token request: Unknown
[2022-12-24 16:45:05Z INFO CommandSettings] Arg 'work': ''
[2022-12-24 16:45:05Z INFO CommandSettings] Flag 'unattended': 'False'
[2022-12-24 16:45:05Z INFO PromptManager] ReadValue
[2022-12-24 16:45:05Z INFO Terminal] WRITE: Enter name of work folder: 
[2022-12-24 16:45:05Z INFO Terminal] WRITE: [press Enter for _work] 
[2022-12-24 16:45:05Z INFO Terminal] READ LINE
[2022-12-24 16:45:13Z INFO Terminal] Read value: ''
[2022-12-24 16:45:13Z INFO PromptManager] Falling back to the default: '_work'
[2022-12-24 16:45:13Z INFO ConfigurationStore] Saving runner settings.
[2022-12-24 16:45:13Z INFO ConfigurationStore] Settings Saved.
[2022-12-24 16:45:13Z INFO Terminal] WRITE LINE: 
[2022-12-24 16:45:13Z INFO Terminal] WRITE LINE: 
[2022-12-24 16:45:13Z INFO OsxServiceControlManager] Service name 'actions.runner.isaiahdwest-res_ev.resev-self-hosted' display name 'GitHub Actions Runner (isaiahdwest-res_ev.resev-self-hosted)' will be used for service configuration.
[2022-12-24 16:45:13Z INFO HostContext] Well known directory 'Bin': '/Users/isaiahwestphalen/Desktop/res_ev/actions-runner/bin'
[2022-12-24 16:45:13Z INFO HostContext] Well known directory 'Root': '/Users/isaiahwestphalen/Desktop/res_ev/actions-runner'
[2022-12-24 16:45:13Z INFO HostContext] Well known directory 'Bin': '/Users/isaiahwestphalen/Desktop/res_ev/actions-runner/bin'
[2022-12-24 16:45:13Z INFO HostContext] Well known directory 'Bin': '/Users/isaiahwestphalen/Desktop/res_ev/actions-runner/bin'
[2022-12-24 16:45:13Z INFO HostContext] Well known directory 'Root': '/Users/isaiahwestphalen/Desktop/res_ev/actions-runner'
[2022-12-24 16:45:13Z INFO UnixUtil] Which: 'chmod'
[2022-12-24 16:45:13Z INFO UnixUtil] Location: '/bin/chmod'
[2022-12-24 16:45:13Z INFO UnixUtil] Running /bin/chmod 755 "/Users/isaiahwestphalen/Desktop/res_ev/actions-runner/svc.sh"
[2022-12-24 16:45:13Z INFO ProcessInvokerWrapper] Starting process:
[2022-12-24 16:45:13Z INFO ProcessInvokerWrapper]   File name: '/bin/chmod'
[2022-12-24 16:45:13Z INFO ProcessInvokerWrapper]   Arguments: '755 "/Users/isaiahwestphalen/Desktop/res_ev/actions-runner/svc.sh"'
[2022-12-24 16:45:13Z INFO ProcessInvokerWrapper]   Working directory: '/Users/isaiahwestphalen/Desktop/res_ev/actions-runner'
[2022-12-24 16:45:13Z INFO ProcessInvokerWrapper]   Require exit code zero: 'True'
[2022-12-24 16:45:13Z INFO ProcessInvokerWrapper]   Encoding web name:  ; code page: ''
[2022-12-24 16:45:13Z INFO ProcessInvokerWrapper]   Force kill process on cancellation: 'False'
[2022-12-24 16:45:13Z INFO ProcessInvokerWrapper]   Redirected STDIN: 'False'
[2022-12-24 16:45:13Z INFO ProcessInvokerWrapper]   Persist current code page: 'False'
[2022-12-24 16:45:13Z INFO ProcessInvokerWrapper]   Keep redirected STDIN open: 'False'
[2022-12-24 16:45:13Z INFO ProcessInvokerWrapper]   High priority process: 'False'
[2022-12-24 16:45:13Z INFO ProcessInvokerWrapper] STDOUT/STDERR stream read finished.
[2022-12-24 16:45:13Z INFO ProcessInvokerWrapper] Process started with process id 9175, waiting for process exit.
[2022-12-24 16:45:13Z INFO ProcessInvokerWrapper] STDOUT/STDERR stream read finished.
[2022-12-24 16:45:13Z INFO ProcessInvokerWrapper] Finished process 9175 with exit code 0, and elapsed time 00:00:00.0137033.
[2022-12-24 16:45:13Z INFO Listener] Runner execution has finished with return code 0
