[2022-12-24 16:45:22Z INFO HostContext] No proxy settings were found based on environmental variables (http_proxy/https_proxy/HTTP_PROXY/HTTPS_PROXY)
[2022-12-24 16:45:22Z INFO HostContext] Well known directory 'Bin': '/Users/isaiahwestphalen/Desktop/res_ev/actions-runner/bin'
[2022-12-24 16:45:22Z INFO HostContext] Well known directory 'Root': '/Users/isaiahwestphalen/Desktop/res_ev/actions-runner'
[2022-12-24 16:45:22Z INFO HostContext] Well known config file 'Credentials': '/Users/isaiahwestphalen/Desktop/res_ev/actions-runner/.credentials'
[2022-12-24 16:45:22Z INFO HostContext] Well known directory 'Bin': '/Users/isaiahwestphalen/Desktop/res_ev/actions-runner/bin'
[2022-12-24 16:45:22Z INFO HostContext] Well known directory 'Root': '/Users/isaiahwestphalen/Desktop/res_ev/actions-runner'
[2022-12-24 16:45:22Z INFO HostContext] Well known config file 'Runner': '/Users/isaiahwestphalen/Desktop/res_ev/actions-runner/.runner'
[2022-12-24 16:45:22Z INFO Listener] Runner is built for OSX (X64) - osx-x64.
[2022-12-24 16:45:22Z INFO Listener] RuntimeInformation: Darwin 18.7.0 Darwin Kernel Version 18.7.0: Tue Aug 20 16:57:14 PDT 2019; root:xnu-4903.271.2~2/RELEASE_X86_64.
[2022-12-24 16:45:23Z INFO Listener] Version: 2.299.1
[2022-12-24 16:45:23Z INFO Listener] Commit: 2e44f985bd9bf890dc061e654f6a850c6f1249cf
[2022-12-24 16:45:23Z INFO Listener] Culture: en-US
[2022-12-24 16:45:23Z INFO Listener] UI Culture: en-US
[2022-12-24 16:45:23Z INFO HostContext] Well known directory 'Bin': '/Users/isaiahwestphalen/Desktop/res_ev/actions-runner/bin'
[2022-12-24 16:45:23Z INFO HostContext] Well known directory 'Root': '/Users/isaiahwestphalen/Desktop/res_ev/actions-runner'
[2022-12-24 16:45:23Z INFO Listener] Validating directory permissions for: '/Users/isaiahwestphalen/Desktop/res_ev/actions-runner'
[2022-12-24 16:45:23Z INFO CommandLineParser] Parse
[2022-12-24 16:45:23Z INFO CommandLineParser] Parsing 1 args
[2022-12-24 16:45:23Z INFO CommandLineParser] parsing argument
[2022-12-24 16:45:23Z INFO CommandLineParser] HasArgs: False
[2022-12-24 16:45:23Z INFO CommandLineParser] Adding Command: run
[2022-12-24 16:45:23Z INFO Listener] Arguments parsed
[2022-12-24 16:45:23Z INFO Runner] ExecuteCommand
[2022-12-24 16:45:23Z INFO ConfigurationStore] currentAssemblyLocation: /Users/isaiahwestphalen/Desktop/res_ev/actions-runner/bin/Runner.Listener.dll
[2022-12-24 16:45:23Z INFO HostContext] Well known directory 'Bin': '/Users/isaiahwestphalen/Desktop/res_ev/actions-runner/bin'
[2022-12-24 16:45:23Z INFO ConfigurationStore] binPath: /Users/isaiahwestphalen/Desktop/res_ev/actions-runner/bin
[2022-12-24 16:45:23Z INFO HostContext] Well known directory 'Bin': '/Users/isaiahwestphalen/Desktop/res_ev/actions-runner/bin'
[2022-12-24 16:45:23Z INFO HostContext] Well known directory 'Root': '/Users/isaiahwestphalen/Desktop/res_ev/actions-runner'
[2022-12-24 16:45:23Z INFO ConfigurationStore] RootFolder: /Users/isaiahwestphalen/Desktop/res_ev/actions-runner
[2022-12-24 16:45:23Z INFO HostContext] Well known directory 'Bin': '/Users/isaiahwestphalen/Desktop/res_ev/actions-runner/bin'
[2022-12-24 16:45:23Z INFO HostContext] Well known directory 'Root': '/Users/isaiahwestphalen/Desktop/res_ev/actions-runner'
[2022-12-24 16:45:23Z INFO HostContext] Well known config file 'Runner': '/Users/isaiahwestphalen/Desktop/res_ev/actions-runner/.runner'
[2022-12-24 16:45:23Z INFO ConfigurationStore] ConfigFilePath: /Users/isaiahwestphalen/Desktop/res_ev/actions-runner/.runner
[2022-12-24 16:45:23Z INFO HostContext] Well known directory 'Bin': '/Users/isaiahwestphalen/Desktop/res_ev/actions-runner/bin'
[2022-12-24 16:45:23Z INFO HostContext] Well known directory 'Root': '/Users/isaiahwestphalen/Desktop/res_ev/actions-runner'
[2022-12-24 16:45:23Z INFO HostContext] Well known config file 'Credentials': '/Users/isaiahwestphalen/Desktop/res_ev/actions-runner/.credentials'
[2022-12-24 16:45:23Z INFO ConfigurationStore] CredFilePath: /Users/isaiahwestphalen/Desktop/res_ev/actions-runner/.credentials
[2022-12-24 16:45:23Z INFO HostContext] Well known directory 'Bin': '/Users/isaiahwestphalen/Desktop/res_ev/actions-runner/bin'
[2022-12-24 16:45:23Z INFO HostContext] Well known directory 'Root': '/Users/isaiahwestphalen/Desktop/res_ev/actions-runner'
[2022-12-24 16:45:23Z INFO HostContext] Well known config file 'MigratedCredentials': '/Users/isaiahwestphalen/Desktop/res_ev/actions-runner/.credentials_migrated'
[2022-12-24 16:45:23Z INFO ConfigurationStore] MigratedCredFilePath: /Users/isaiahwestphalen/Desktop/res_ev/actions-runner/.credentials_migrated
[2022-12-24 16:45:23Z INFO HostContext] Well known directory 'Bin': '/Users/isaiahwestphalen/Desktop/res_ev/actions-runner/bin'
[2022-12-24 16:45:23Z INFO HostContext] Well known directory 'Root': '/Users/isaiahwestphalen/Desktop/res_ev/actions-runner'
[2022-12-24 16:45:23Z INFO HostContext] Well known config file 'Service': '/Users/isaiahwestphalen/Desktop/res_ev/actions-runner/.service'
[2022-12-24 16:45:23Z INFO ConfigurationStore] ServiceConfigFilePath: /Users/isaiahwestphalen/Desktop/res_ev/actions-runner/.service
[2022-12-24 16:45:23Z INFO CommandSettings] Flag 'help': 'False'
[2022-12-24 16:45:23Z INFO CommandSettings] Flag 'version': 'False'
[2022-12-24 16:45:23Z INFO CommandSettings] Flag 'commit': 'False'
[2022-12-24 16:45:23Z INFO CommandSettings] Flag 'check': 'False'
[2022-12-24 16:45:23Z INFO CommandSettings] Command 'configure': 'False'
[2022-12-24 16:45:23Z INFO CommandSettings] Command 'remove': 'False'
[2022-12-24 16:45:23Z INFO CommandSettings] Command 'warmup': 'False'
[2022-12-24 16:45:23Z INFO ConfigurationManager] LoadSettings
[2022-12-24 16:45:23Z INFO ConfigurationStore] IsConfigured()
[2022-12-24 16:45:23Z INFO ConfigurationStore] IsConfigured: True
[2022-12-24 16:45:23Z INFO ConfigurationManager] Is configured: True
[2022-12-24 16:45:23Z INFO ConfigurationStore] Read setting file: 292 chars
[2022-12-24 16:45:23Z INFO ConfigurationManager] Settings Loaded
[2022-12-24 16:45:23Z INFO ConfigurationStore] IsServiceConfigured()
[2022-12-24 16:45:23Z INFO ConfigurationStore] IsServiceConfigured: False
[2022-12-24 16:45:23Z INFO CommandSettings] Command 'run': 'True'
[2022-12-24 16:45:23Z INFO ConfigurationStore] IsConfigured()
[2022-12-24 16:45:23Z INFO ConfigurationStore] IsConfigured: True
[2022-12-24 16:45:23Z INFO ConfigurationManager] Is configured: True
[2022-12-24 16:45:23Z INFO Runner] Could not parse the argument value '' for StartupType. Defaulting to Manual
[2022-12-24 16:45:23Z INFO Runner] Set runner startup type - Manual
[2022-12-24 16:45:23Z INFO CommandSettings] Flag 'once': 'False'
[2022-12-24 16:45:23Z INFO CommandSettings] Flag 'once': 'False'
[2022-12-24 16:45:23Z INFO Runner] RunAsync
[2022-12-24 16:45:23Z INFO ConfigurationManager] LoadSettings
[2022-12-24 16:45:23Z INFO ConfigurationStore] IsConfigured()
[2022-12-24 16:45:23Z INFO ConfigurationStore] IsConfigured: True
[2022-12-24 16:45:23Z INFO ConfigurationManager] Is configured: True
[2022-12-24 16:45:23Z INFO ConfigurationManager] Settings Loaded
[2022-12-24 16:45:23Z INFO MessageListener] {
  "AgentId": 2,
  "AgentName": "resev-self-hosted",
  "PoolId": 1,
  "PoolName": "Default",
  "ServerUrl": "https://pipelines.actions.githubusercontent.com/xfQk1nl6fjUHJS4YiP1HpZNPPtfDgvEvDC3tAFDxpIywrzE4yX",
  "GitHubUrl": "https://github.com/isaiahdwest/res_ev",
  "WorkFolder": "_work"
}
[2022-12-24 16:45:23Z INFO MessageListener] Loading Credentials
[2022-12-24 16:45:23Z INFO ConfigurationStore] HasCredentials()
[2022-12-24 16:45:23Z INFO ConfigurationStore] stored True
[2022-12-24 16:45:23Z INFO CredentialManager] GetCredentialProvider
[2022-12-24 16:45:23Z INFO CredentialManager] Creating type OAuth
[2022-12-24 16:45:23Z INFO CredentialManager] Creating credential type: OAuth
[2022-12-24 16:45:23Z INFO HostContext] Well known directory 'Bin': '/Users/isaiahwestphalen/Desktop/res_ev/actions-runner/bin'
[2022-12-24 16:45:23Z INFO HostContext] Well known directory 'Root': '/Users/isaiahwestphalen/Desktop/res_ev/actions-runner'
[2022-12-24 16:45:23Z INFO HostContext] Well known config file 'RSACredentials': '/Users/isaiahwestphalen/Desktop/res_ev/actions-runner/.credentials_rsaparams'
[2022-12-24 16:45:23Z INFO RSAFileKeyManager] Loading RSA key parameters from file /Users/isaiahwestphalen/Desktop/res_ev/actions-runner/.credentials_rsaparams
[2022-12-24 16:45:23Z INFO MessageListener] Attempt to create session.
[2022-12-24 16:45:23Z INFO MessageListener] Connecting to the Runner Server...
[2022-12-24 16:45:23Z INFO RunnerServer] EstablishVssConnection
[2022-12-24 16:45:23Z INFO RunnerServer] Establish connection with 100 seconds timeout.
[2022-12-24 16:45:23Z INFO GitHubActionsService] Starting operation Location.GetConnectionData
[2022-12-24 16:45:24Z INFO RunnerServer] EstablishVssConnection
[2022-12-24 16:45:24Z INFO RunnerServer] Establish connection with 60 seconds timeout.
[2022-12-24 16:45:24Z INFO GitHubActionsService] Starting operation Location.GetConnectionData
[2022-12-24 16:45:24Z INFO RunnerServer] EstablishVssConnection
[2022-12-24 16:45:24Z INFO RunnerServer] Establish connection with 60 seconds timeout.
[2022-12-24 16:45:24Z INFO GitHubActionsService] Starting operation Location.GetConnectionData
[2022-12-24 16:45:24Z INFO GitHubActionsService] Finished operation Location.GetConnectionData
[2022-12-24 16:45:24Z INFO GitHubActionsService] Finished operation Location.GetConnectionData
[2022-12-24 16:45:24Z INFO GitHubActionsService] Finished operation Location.GetConnectionData
[2022-12-24 16:45:24Z INFO MessageListener] VssConnection created
[2022-12-24 16:45:24Z INFO Terminal] WRITE LINE: 
[2022-12-24 16:45:24Z INFO Terminal] WRITE LINE: 
[2022-12-24 16:45:25Z INFO RSAFileKeyManager] Loading RSA key parameters from file /Users/isaiahwestphalen/Desktop/res_ev/actions-runner/.credentials_rsaparams
[2022-12-24 16:45:25Z INFO RSAFileKeyManager] Loading RSA key parameters from file /Users/isaiahwestphalen/Desktop/res_ev/actions-runner/.credentials_rsaparams
[2022-12-24 16:45:25Z INFO GitHubActionsService] AAD Correlation ID for this token request: Unknown
[2022-12-24 16:45:25Z INFO MessageListener] Session created.
[2022-12-24 16:45:25Z INFO Terminal] WRITE LINE: Current runner version: '2.299.1'
[2022-12-24 16:45:25Z INFO Terminal] WRITE LINE: 2022-12-24 16:45:25Z: Listening for Jobs
[2022-12-24 16:45:25Z INFO JobDispatcher] Set runner/worker IPC timeout to 30 seconds.
[2022-12-24 16:51:08Z INFO Terminal] WRITE LINE: Exiting...
[2022-12-24 16:51:08Z INFO ConfigurationStore] IsServiceConfigured()
[2022-12-24 16:51:08Z INFO ConfigurationStore] IsServiceConfigured: False
[2022-12-24 16:51:08Z INFO HostContext] Runner will be shutdown for UserCancelled
[2022-12-24 16:51:08Z WARN GitHubActionsService] GET request to https://pipelines.actions.githubusercontent.com/xfQk1nl6fjUHJS4YiP1HpZNPPtfDgvEvDC3tAFDxpIywrzE4yX/_apis/distributedtask/pools/1/messages?sessionId=f7960aff-83f7-41ab-a928-75c74bfd59f3&status=Online has been cancelled.
[2022-12-24 16:51:08Z INFO MessageListener] Get next message has been cancelled.
[2022-12-24 16:51:08Z INFO JobDispatcher] Shutting down JobDispatcher. Make sure all WorkerDispatcher has finished.
[2022-12-24 16:51:08Z INFO Listener] Runner execution been cancelled.
