[2022-12-24 16:40:47Z INFO HostContext] No proxy settings were found based on environmental variables (http_proxy/https_proxy/HTTP_PROXY/HTTPS_PROXY)
[2022-12-24 16:40:47Z INFO HostContext] Well known directory 'Bin': '/Users/isaiahwestphalen/Desktop/res_ev/actions-runner/bin'
[2022-12-24 16:40:47Z INFO HostContext] Well known directory 'Root': '/Users/isaiahwestphalen/Desktop/res_ev/actions-runner'
[2022-12-24 16:40:47Z INFO HostContext] Well known config file 'Credentials': '/Users/isaiahwestphalen/Desktop/res_ev/actions-runner/.credentials'
[2022-12-24 16:40:47Z INFO HostContext] Well known directory 'Bin': '/Users/isaiahwestphalen/Desktop/res_ev/actions-runner/bin'
[2022-12-24 16:40:47Z INFO HostContext] Well known directory 'Root': '/Users/isaiahwestphalen/Desktop/res_ev/actions-runner'
[2022-12-24 16:40:47Z INFO HostContext] Well known config file 'Runner': '/Users/isaiahwestphalen/Desktop/res_ev/actions-runner/.runner'
[2022-12-24 16:40:47Z INFO Listener] Runner is built for OSX (X64) - osx-x64.
[2022-12-24 16:40:47Z INFO Listener] RuntimeInformation: Darwin 18.7.0 Darwin Kernel Version 18.7.0: Tue Aug 20 16:57:14 PDT 2019; root:xnu-4903.271.2~2/RELEASE_X86_64.
[2022-12-24 16:40:47Z INFO Listener] Version: 2.299.1
[2022-12-24 16:40:47Z INFO Listener] Commit: 2e44f985bd9bf890dc061e654f6a850c6f1249cf
[2022-12-24 16:40:47Z INFO Listener] Culture: en-US
[2022-12-24 16:40:47Z INFO Listener] UI Culture: en-US
[2022-12-24 16:40:47Z INFO HostContext] Well known directory 'Bin': '/Users/isaiahwestphalen/Desktop/res_ev/actions-runner/bin'
[2022-12-24 16:40:47Z INFO HostContext] Well known directory 'Root': '/Users/isaiahwestphalen/Desktop/res_ev/actions-runner'
[2022-12-24 16:40:47Z INFO Listener] Validating directory permissions for: '/Users/isaiahwestphalen/Desktop/res_ev/actions-runner'
[2022-12-24 16:40:47Z INFO CommandLineParser] Parse
[2022-12-24 16:40:47Z INFO CommandLineParser] Parsing 5 args
[2022-12-24 16:40:47Z INFO CommandLineParser] parsing argument
[2022-12-24 16:40:47Z INFO CommandLineParser] HasArgs: False
[2022-12-24 16:40:47Z INFO CommandLineParser] Adding Command: configure
[2022-12-24 16:40:47Z INFO CommandLineParser] parsing argument
[2022-12-24 16:40:47Z INFO CommandLineParser] HasArgs: True
[2022-12-24 16:40:47Z INFO CommandLineParser] arg: url
[2022-12-24 16:40:47Z INFO CommandLineParser] parsing argument
[2022-12-24 16:40:47Z INFO CommandLineParser] HasArgs: True
[2022-12-24 16:40:47Z INFO CommandLineParser] Adding option 'url': 'https://github.com/isaiahdwest/res_ev'
[2022-12-24 16:40:47Z INFO CommandLineParser] parsing argument
[2022-12-24 16:40:47Z INFO CommandLineParser] HasArgs: True
[2022-12-24 16:40:47Z INFO CommandLineParser] arg: token
[2022-12-24 16:40:47Z INFO CommandLineParser] parsing argument
[2022-12-24 16:40:47Z INFO CommandLineParser] HasArgs: True
[2022-12-24 16:40:47Z INFO CommandLineParser] Adding option 'token': '***'
[2022-12-24 16:40:47Z INFO Listener] Arguments parsed
[2022-12-24 16:40:47Z INFO Runner] ExecuteCommand
[2022-12-24 16:40:47Z INFO ConfigurationStore] currentAssemblyLocation: /Users/isaiahwestphalen/Desktop/res_ev/actions-runner/bin/Runner.Listener.dll
[2022-12-24 16:40:47Z INFO HostContext] Well known directory 'Bin': '/Users/isaiahwestphalen/Desktop/res_ev/actions-runner/bin'
[2022-12-24 16:40:47Z INFO ConfigurationStore] binPath: /Users/isaiahwestphalen/Desktop/res_ev/actions-runner/bin
[2022-12-24 16:40:47Z INFO HostContext] Well known directory 'Bin': '/Users/isaiahwestphalen/Desktop/res_ev/actions-runner/bin'
[2022-12-24 16:40:47Z INFO HostContext] Well known directory 'Root': '/Users/isaiahwestphalen/Desktop/res_ev/actions-runner'
[2022-12-24 16:40:47Z INFO ConfigurationStore] RootFolder: /Users/isaiahwestphalen/Desktop/res_ev/actions-runner
[2022-12-24 16:40:47Z INFO HostContext] Well known directory 'Bin': '/Users/isaiahwestphalen/Desktop/res_ev/actions-runner/bin'
[2022-12-24 16:40:47Z INFO HostContext] Well known directory 'Root': '/Users/isaiahwestphalen/Desktop/res_ev/actions-runner'
[2022-12-24 16:40:47Z INFO HostContext] Well known config file 'Runner': '/Users/isaiahwestphalen/Desktop/res_ev/actions-runner/.runner'
[2022-12-24 16:40:47Z INFO ConfigurationStore] ConfigFilePath: /Users/isaiahwestphalen/Desktop/res_ev/actions-runner/.runner
[2022-12-24 16:40:47Z INFO HostContext] Well known directory 'Bin': '/Users/isaiahwestphalen/Desktop/res_ev/actions-runner/bin'
[2022-12-24 16:40:47Z INFO HostContext] Well known directory 'Root': '/Users/isaiahwestphalen/Desktop/res_ev/actions-runner'
[2022-12-24 16:40:47Z INFO HostContext] Well known config file 'Credentials': '/Users/isaiahwestphalen/Desktop/res_ev/actions-runner/.credentials'
[2022-12-24 16:40:47Z INFO ConfigurationStore] CredFilePath: /Users/isaiahwestphalen/Desktop/res_ev/actions-runner/.credentials
[2022-12-24 16:40:47Z INFO HostContext] Well known directory 'Bin': '/Users/isaiahwestphalen/Desktop/res_ev/actions-runner/bin'
[2022-12-24 16:40:47Z INFO HostContext] Well known directory 'Root': '/Users/isaiahwestphalen/Desktop/res_ev/actions-runner'
[2022-12-24 16:40:47Z INFO HostContext] Well known config file 'MigratedCredentials': '/Users/isaiahwestphalen/Desktop/res_ev/actions-runner/.credentials_migrated'
[2022-12-24 16:40:47Z INFO ConfigurationStore] MigratedCredFilePath: /Users/isaiahwestphalen/Desktop/res_ev/actions-runner/.credentials_migrated
[2022-12-24 16:40:47Z INFO HostContext] Well known directory 'Bin': '/Users/isaiahwestphalen/Desktop/res_ev/actions-runner/bin'
[2022-12-24 16:40:47Z INFO HostContext] Well known directory 'Root': '/Users/isaiahwestphalen/Desktop/res_ev/actions-runner'
[2022-12-24 16:40:47Z INFO HostContext] Well known config file 'Service': '/Users/isaiahwestphalen/Desktop/res_ev/actions-runner/.service'
[2022-12-24 16:40:47Z INFO ConfigurationStore] ServiceConfigFilePath: /Users/isaiahwestphalen/Desktop/res_ev/actions-runner/.service
[2022-12-24 16:40:47Z INFO CommandSettings] Flag 'help': 'False'
[2022-12-24 16:40:47Z INFO CommandSettings] Flag 'version': 'False'
[2022-12-24 16:40:47Z INFO CommandSettings] Flag 'commit': 'False'
[2022-12-24 16:40:47Z INFO CommandSettings] Flag 'check': 'False'
[2022-12-24 16:40:47Z INFO CommandSettings] Command 'configure': 'True'
[2022-12-24 16:40:47Z INFO Terminal] WRITE LINE: 
[2022-12-24 16:40:47Z INFO Terminal] WRITE LINE: --------------------------------------------------------------------------------
[2022-12-24 16:40:47Z INFO Terminal] WRITE LINE: |        ____ _ _   _   _       _          _        _   _                      |
[2022-12-24 16:40:47Z INFO Terminal] WRITE LINE: |       / ___(_) |_| | | |_   _| |__      / \   ___| |_(_) ___  _ __  ___      |
[2022-12-24 16:40:47Z INFO Terminal] WRITE LINE: |      | |  _| | __| |_| | | | | '_ \    / _ \ / __| __| |/ _ \| '_ \/ __|     |
[2022-12-24 16:40:47Z INFO Terminal] WRITE LINE: |      | |_| | | |_|  _  | |_| | |_) |  / ___ \ (__| |_| | (_) | | | \__ \     |
[2022-12-24 16:41:28Z INFO Terminal] WRITE LINE: |       \____|_|\__|_| |_|\__,_|_.__/  /_/   \_\___|\__|_|\___/|_| |_|___/     |
[2022-12-24 16:41:28Z INFO Terminal] WRITE LINE: |                                                                              |
[2022-12-24 16:41:28Z INFO Terminal] WRITE: |                       
[2022-12-24 16:41:28Z INFO Terminal] WRITE: Self-hosted runner registration
[2022-12-24 16:41:28Z INFO Terminal] WRITE LINE:                         |
[2022-12-24 16:41:28Z INFO Terminal] WRITE LINE: |                                                                              |
[2022-12-24 16:41:28Z INFO Terminal] WRITE LINE: --------------------------------------------------------------------------------
[2022-12-24 16:41:28Z INFO ConfigurationManager] ConfigureAsync
[2022-12-24 16:41:28Z INFO CommandSettings] Flag 'generateServiceConfig': 'False'
[2022-12-24 16:41:28Z INFO ConfigurationStore] IsConfigured()
[2022-12-24 16:41:28Z INFO ConfigurationStore] IsConfigured: False
[2022-12-24 16:41:28Z INFO ConfigurationManager] Is configured: False
[2022-12-24 16:41:28Z INFO CommandSettings] Arg 'url': 'https://github.com/isaiahdwest/res_ev'
[2022-12-24 16:41:28Z INFO CommandSettings] Remove url from Arg dictionary.
[2022-12-24 16:41:28Z INFO CommandSettings] Arg 'token': '***'
[2022-12-24 16:41:28Z INFO CommandSettings] Remove token from Arg dictionary.
[2022-12-24 16:41:30Z INFO Terminal] WRITE LINE: Exiting...
